# JRE version: OpenJDK Runtime Environment (11.0.5+10) (build 11.0.5+10)
# Java VM: OpenJDK 64-Bit Server VM (11.0.5+10, mixed mode, tiered, compressed oops, g1 gc, windows-amd64)
Heap:
 garbage-first heap   total 196608K, used 78755K [0x0000000741600000, 0x0000000800000000)
  region size 1024K, 68 young (69632K), 7 survivors (7168K)
 Metaspace       used 28967K, capacity 30106K, committed 30336K, reserved 1075200K
  class space    used 3644K, capacity 4124K, committed 4224K, reserved 1048576K
GC Heap History (16 events):
Event: 0.876 GC heap before
{Heap before GC invocations=0 (full 0):
 garbage-first heap   total 196608K, used 23552K [0x0000000741600000, 0x0000000800000000)
  region size 1024K, 24 young (24576K), 0 survivors (0K)
 Metaspace       used 14422K, capacity 14847K, committed 15104K, reserved 1062912K
  class space    used 1589K, capacity 1746K, committed 1792K, reserved 1048576K
}
Event: 0.880 GC heap after
{Heap after GC invocations=1 (full 0):
 garbage-first heap   total 196608K, used 4596K [0x0000000741600000, 0x0000000800000000)
  region size 1024K, 3 young (3072K), 3 survivors (3072K)
 Metaspace       used 14422K, capacity 14847K, committed 15104K, reserved 1062912K
  class space    used 1589K, capacity 1746K, committed 1792K, reserved 1048576K
}
Event: 1.378 GC heap before
{Heap before GC invocations=1 (full 0):
 garbage-first heap   total 196608K, used 24052K [0x0000000741600000, 0x0000000800000000)
  region size 1024K, 22 young (22528K), 3 survivors (3072K)
 Metaspace       used 20366K, capacity 20995K, committed 21248K, reserved 1067008K
  class space    used 2515K, capacity 2785K, committed 2816K, reserved 1048576K
}
Event: 1.383 GC heap after
{Heap after GC invocations=2 (full 0):
 garbage-first heap   total 196608K, used 8460K [0x0000000741600000, 0x0000000800000000)
  region size 1024K, 6 young (6144K), 6 survivors (6144K)
 Metaspace       used 20366K, capacity 20995K, committed 21248K, reserved 1067008K
  class space    used 2515K, capacity 2785K, committed 2816K, reserved 1048576K
}
Event: 44.609 GC heap before
{Heap before GC invocations=3 (full 0):
 garbage-first heap   total 196608K, used 44300K [0x0000000741600000, 0x0000000800000000)
  region size 1024K, 39 young (39936K), 6 survivors (6144K)
 Metaspace       used 27499K, capacity 28527K, committed 28672K, reserved 1073152K
  class space    used 3528K, capacity 3971K, committed 4096K, reserved 1048576K
}
Event: 44.620 GC heap after
{Heap after GC invocations=4 (full 0):
 garbage-first heap   total 196608K, used 14479K [0x0000000741600000, 0x0000000800000000)
  region size 1024K, 5 young (5120K), 5 survivors (5120K)
 Metaspace       used 27499K, capacity 28527K, committed 28672K, reserved 1073152K
  class space    used 3528K, capacity 3971K, committed 4096K, reserved 1048576K
}
Event: 415.527 GC heap before
{Heap before GC invocations=4 (full 0):
 garbage-first heap   total 196608K, used 68751K [0x0000000741600000, 0x0000000800000000)
  region size 1024K, 58 young (59392K), 5 survivors (5120K)
 Metaspace       used 28938K, capacity 30040K, committed 30336K, reserved 1075200K
  class space    used 3643K, capacity 4123K, committed 4224K, reserved 1048576K
}
Event: 415.532 GC heap after
{Heap after GC invocations=5 (full 0):
 garbage-first heap   total 196608K, used 17442K [0x0000000741600000, 0x0000000800000000)
  region size 1024K, 8 young (8192K), 8 survivors (8192K)
 Metaspace       used 28938K, capacity 30040K, committed 30336K, reserved 1075200K
  class space    used 3643K, capacity 4123K, committed 4224K, reserved 1048576K
}
Event: 1613.039 GC heap before
{Heap before GC invocations=5 (full 0):
 garbage-first heap   total 196608K, used 127010K [0x0000000741600000, 0x0000000800000000)
  region size 1024K, 115 young (117760K), 8 survivors (8192K)
 Metaspace       used 28944K, capacity 30040K, committed 30336K, reserved 1075200K
  class space    used 3644K, capacity 4123K, committed 4224K, reserved 1048576K
}
Event: 1613.053 GC heap after
{Heap after GC invocations=6 (full 0):
 garbage-first heap   total 196608K, used 17991K [0x0000000741600000, 0x0000000800000000)
  region size 1024K, 8 young (8192K), 8 survivors (8192K)
 Metaspace       used 28944K, capacity 30040K, committed 30336K, reserved 1075200K
  class space    used 3644K, capacity 4123K, committed 4224K, reserved 1048576K
}
Event: 2817.133 GC heap before
{Heap before GC invocations=6 (full 0):
 garbage-first heap   total 196608K, used 127559K [0x0000000741600000, 0x0000000800000000)
  region size 1024K, 115 young (117760K), 8 survivors (8192K)
 Metaspace       used 28944K, capacity 30040K, committed 30336K, reserved 1075200K
  class space    used 3644K, capacity 4123K, committed 4224K, reserved 1048576K
}
Event: 2817.159 GC heap after
{Heap after GC invocations=7 (full 0):
 garbage-first heap   total 196608K, used 18090K [0x0000000741600000, 0x0000000800000000)
  region size 1024K, 8 young (8192K), 8 survivors (8192K)
 Metaspace       used 28944K, capacity 30040K, committed 30336K, reserved 1075200K
  class space    used 3644K, capacity 4123K, committed 4224K, reserved 1048576K
}
Event: 4025.058 GC heap before
{Heap before GC invocations=7 (full 0):
 garbage-first heap   total 196608K, used 127658K [0x0000000741600000, 0x0000000800000000)
  region size 1024K, 115 young (117760K), 8 survivors (8192K)
 Metaspace       used 28944K, capacity 30040K, committed 30336K, reserved 1075200K
  class space    used 3644K, capacity 4123K, committed 4224K, reserved 1048576K
}
Event: 4025.156 GC heap after
{Heap after GC invocations=8 (full 0):
 garbage-first heap   total 196608K, used 17984K [0x0000000741600000, 0x0000000800000000)
  region size 1024K, 8 young (8192K), 8 survivors (8192K)
 Metaspace       used 28944K, capacity 30040K, committed 30336K, reserved 1075200K
  class space    used 3644K, capacity 4123K, committed 4224K, reserved 1048576K
}
Event: 5235.610 GC heap before
{Heap before GC invocations=8 (full 0):
 garbage-first heap   total 196608K, used 127552K [0x0000000741600000, 0x0000000800000000)
  region size 1024K, 115 young (117760K), 8 survivors (8192K)
 Metaspace       used 28944K, capacity 30040K, committed 30336K, reserved 1075200K
  class space    used 3644K, capacity 4123K, committed 4224K, reserved 1048576K
}
Event: 5235.683 GC heap after
{Heap after GC invocations=9 (full 0):
 garbage-first heap   total 196608K, used 17315K [0x0000000741600000, 0x0000000800000000)
  region size 1024K, 7 young (7168K), 7 survivors (7168K)
 Metaspace       used 28944K, capacity 30040K, committed 30336K, reserved 1075200K
  class space    used 3644K, capacity 4123K, committed 4224K, reserved 1048576K
}

